\BOOKMARK [1][-]{section*.2}{\376\377\000E\000i\000n\000l\000e\000i\000t\000u\000n\000g}{}% 1
\BOOKMARK [1][-]{section*.3}{\376\377\000D\000e\000z\000e\000n\000t\000r\000a\000l\000e\000\040\000V\000e\000r\000i\000f\000i\000z\000i\000e\000r\000u\000n\000g}{}% 2
\BOOKMARK [1][-]{section*.4}{\376\377\000D\000i\000g\000i\000t\000a\000l\000e\000\040\000G\000e\000t\000e\000i\000l\000t\000e\000s\000\040\000O\000b\000j\000e\000k\000t}{}% 3
\BOOKMARK [2][-]{section*.5}{\376\377\000R\000e\000p\000r\000\344\000s\000e\000n\000t\000a\000t\000i\000o\000n}{section*.4}% 4
\BOOKMARK [3][-]{section*.6}{\376\377\000A\000k\000t\000e\000u\000r\000e}{section*.5}% 5
\BOOKMARK [3][-]{section*.7}{\376\377\000B\000e\000s\000i\000t\000z\000v\000e\000r\000t\000e\000i\000l\000u\000n\000g}{section*.5}% 6
\BOOKMARK [2][-]{section*.8}{\376\377\000K\000a\000n\000d\000i\000d\000a\000t\000e\000n}{section*.4}% 7
\BOOKMARK [2][-]{section*.9}{\376\377\000T\000r\000a\000n\000s\000a\000k\000t\000i\000o\000n\000e\000n}{section*.4}% 8
\BOOKMARK [2][-]{section*.10}{\376\377\000K\000o\000n\000s\000e\000n\000s}{section*.4}% 9
\BOOKMARK [2][-]{section*.11}{\376\377\000B\000e\000w\000e\000r\000t\000u\000n\000g}{section*.4}% 10
\BOOKMARK [2][-]{section*.12}{\376\377\000Q\000u\000a\000l\000i\000t\000\344\000t\000s\000k\000r\000i\000t\000e\000r\000i\000e\000n}{section*.4}% 11
\BOOKMARK [1][-]{section*.13}{\376\377\000O\000p\000t\000i\000m\000i\000e\000r\000u\000n\000g}{}% 12
\BOOKMARK [2][-]{section*.14}{\376\377\000O\000p\000t\000i\000m\000i\000e\000r\000u\000n\000g\000\040\000d\000e\000r\000\040\000K\000a\000n\000d\000i\000d\000a\000t\000e\000n\000m\000e\000n\000g\000e}{section*.13}% 13
\BOOKMARK [2][-]{section*.16}{\376\377\000G\000r\000a\000m\000m\000a\000t\000i\000k\000e\000r\000w\000e\000i\000t\000e\000r\000u\000n\000g\000\040\000S}{section*.13}% 14
\BOOKMARK [2][-]{section*.17}{\376\377\000M\000o\000r\000p\000h\000i\000s\000m\000u\000s}{section*.13}% 15
\BOOKMARK [2][-]{section*.22}{\376\377\000A\000b\000s\000t\000i\000m\000m\000u\000n\000g\000e\000n}{section*.13}% 16
\BOOKMARK [1][-]{section*.23}{\376\377\0002\000.\000\040\000M\000a\000n\000i\000p\000u\000l\000a\000t\000i\000o\000n}{}% 17
\BOOKMARK [2][-]{section*.24}{\376\377\000Q\000u\000a\000l\000i\000t\000\344\000t\000s\000k\000r\000i\000t\000\344\000r\000i\000e\000n}{section*.23}% 18
\BOOKMARK [2][-]{section*.25}{\376\377\000S\000t\000a\000t\000e\000s}{section*.23}% 19
\BOOKMARK [2][-]{section*.26}{\376\377\000T\000r\000a\000n\000s\000i\000t\000i\000o\000n\000e\000n}{section*.23}% 20
\BOOKMARK [2][-]{section*.35}{\376\377\000D\000e\000l\000e\000g\000a\000t\000i\000o\000n\000s\000p\000r\000o\000g\000r\000a\000m\000m\000i\000e\000r\000u\000n\000g}{section*.23}% 21
\BOOKMARK [2][-]{section*.38}{\376\377\000z\000u\000\040\000u\000n\000t\000e\000r\000s\000u\000c\000h\000e\000n}{section*.23}% 22
\BOOKMARK [1][-]{section*.39}{\376\377\000U\000m\000f\000a\000n\000g\000\040\000d\000e\000r\000\040\000A\000r\000b\000e\000i\000t}{}% 23
\BOOKMARK [1][-]{section*.44}{\376\377\000A\000u\000s\000s\000i\000c\000h\000t}{}% 24
\BOOKMARK [2][-]{section*.45}{\376\377\000D\000e\000z\000e\000n\000t\000r\000a\000l\000i\000s\000i\000e\000r\000u\000n\000g}{section*.44}% 25
\BOOKMARK [1][-]{section*.46}{\376\377\000Q\000u\000e\000l\000l\000e\000n}{}% 26
